<?xml version="1.0" encoding="UTF-8"?>
<testsuite xmlns:xsi="http://www.w3.org/2001/XMLSchema-instance" xsi:noNamespaceSchemaLocation="https://maven.apache.org/surefire/maven-surefire-plugin/xsd/surefire-test-report-3.0.xsd" version="3.0" name="ApiTest" time="0.649" tests="3" errors="0" skipped="0" failures="2">
  <properties>
[...]
</properties>
  <testcase name="checkUserName" classname="ApiTest" time="0.231">
    <failure type="java.lang.AssertionError"><![CDATA[java.lang.AssertionError: 
1 expectation failed.
JSON path data.name doesn't match.
Expected: 89650100100@mail.ru
  Actual: Василий Васильев

	at ApiTest.checkUserName(ApiTest.java:43)
]]></failure>
  </testcase>
  <testcase name="checkUserNameAndPrintResponseBody" classname="ApiTest" time="0.243">
    <failure type="java.lang.AssertionError"><![CDATA[java.lang.AssertionError: 
1 expectation failed.
JSON path data.name doesn't match.
Expected: 89650100100@mail.ru
  Actual: Василий Васильев

	at ApiTest.checkUserNameAndPrintResponseBody(ApiTest.java:55)
]]></failure>
  </testcase>
  <testcase name="getMyInfoStatusCode" classname="ApiTest" time="0.17"/>
</testsuite>